<?xml version="1.0" encoding="UTF-8"?>
<testsuite name="com.nhsd.a2si.client.dos.DosStubClientUnitTests" time="0" tests="1" errors="0" skipped="1" failures="0">
  <properties>
[...]
</properties>
  <testcase name="com.nhsd.a2si.client.dos.DosStubClientUnitTests" classname="com.nhsd.a2si.client.dos.DosStubClientUnitTests" time="0">
    <skipped/>
    <system-out><![CDATA[20-09-2018 11:03:16.620 INFO  [main][SpringBootTestContextBootstrapper] Neither @ContextConfiguration nor @ContextHierarchy found for test class [com.nhsd.a2si.DosWrapperApplicationTests], using SpringBootContextLoader
20-09-2018 11:03:16.628 INFO  [main][AbstractContextLoader] Could not detect default resource locations for test class [com.nhsd.a2si.DosWrapperApplicationTests]: no resource found for suffixes {-context.xml, Context.groovy}.
20-09-2018 11:03:16.629 INFO  [main][AnnotationConfigContextLoaderUtils] Could not detect default configuration classes for test class [com.nhsd.a2si.DosWrapperApplicationTests]: DosWrapperApplicationTests does not declare any static, non-private, non-final, nested classes annotated with @Configuration.
20-09-2018 11:03:16.798 INFO  [main][SpringBootTestContextBootstrapper] Found @SpringBootConfiguration com.nhsd.a2si.DosWrapperApplication for test class com.nhsd.a2si.DosWrapperApplicationTests
20-09-2018 11:03:16.808 INFO  [main][SpringBootTestContextBootstrapper] Loaded default TestExecutionListener class names from location [META-INF/spring.factories]: [org.springframework.boot.test.mock.mockito.MockitoTestExecutionListener, org.springframework.boot.test.mock.mockito.ResetMocksTestExecutionListener, org.springframework.boot.test.autoconfigure.restdocs.RestDocsTestExecutionListener, org.springframework.boot.test.autoconfigure.web.client.MockRestServiceServerResetTestExecutionListener, org.springframework.boot.test.autoconfigure.web.servlet.MockMvcPrintOnlyOnFailureTestExecutionListener, org.springframework.boot.test.autoconfigure.web.servlet.WebDriverTestExecutionListener, org.springframework.test.context.web.ServletTestExecutionListener, org.springframework.test.context.support.DirtiesContextBeforeModesTestExecutionListener, org.springframework.test.context.support.DependencyInjectionTestExecutionListener, org.springframework.test.context.support.DirtiesContextTestExecutionListener, org.springframework.test.context.transaction.TransactionalTestExecutionListener, org.springframework.test.context.jdbc.SqlScriptsTestExecutionListener]
20-09-2018 11:03:16.828 INFO  [main][SpringBootTestContextBootstrapper] Could not instantiate TestExecutionListener [org.springframework.test.context.jdbc.SqlScriptsTestExecutionListener]. Specify custom listener classes or make the default listener classes (and their required dependencies) available. Offending class: [org/springframework/transaction/interceptor/TransactionAttribute]
20-09-2018 11:03:16.829 INFO  [main][SpringBootTestContextBootstrapper] Could not instantiate TestExecutionListener [org.springframework.test.context.transaction.TransactionalTestExecutionListener]. Specify custom listener classes or make the default listener classes (and their required dependencies) available. Offending class: [org/springframework/transaction/interceptor/TransactionAttributeSource]
20-09-2018 11:03:16.830 INFO  [main][SpringBootTestContextBootstrapper] Using TestExecutionListeners: [org.springframework.test.context.web.ServletTestExecutionListener@60d8c9b7, org.springframework.test.context.support.DirtiesContextBeforeModesTestExecutionListener@48aaecc3, org.springframework.boot.test.autoconfigure.SpringBootDependencyInjectionTestExecutionListener@7c0c77c7, org.springframework.test.context.support.DirtiesContextTestExecutionListener@7adda9cc, org.springframework.boot.test.autoconfigure.web.client.MockRestServiceServerResetTestExecutionListener@5cee5251, org.springframework.boot.test.autoconfigure.restdocs.RestDocsTestExecutionListener@433d61fb, org.springframework.boot.test.mock.mockito.MockitoTestExecutionListener@5c909414, org.springframework.boot.test.mock.mockito.ResetMocksTestExecutionListener@4b14c583, org.springframework.boot.test.autoconfigure.web.servlet.WebDriverTestExecutionListener@65466a6a, org.springframework.boot.test.autoconfigure.web.servlet.MockMvcPrintOnlyOnFailureTestExecutionListener@4ddced80]
]]></system-out>
  </testcase>
</testsuite>